<?xml version="1.0" encoding="UTF-8"?>
<testsuite name="com.duartesgoncalves.designpatterns.StringRecipeTest" tests="2" skipped="0" failures="0" errors="0" timestamp="2022-11-22T19:58:33" hostname="DESKTOP-LVI5H8M" time="0.004">
  <properties/>
  <testcase name="transformUndo()" classname="com.duartesgoncalves.designpatterns.StringRecipeTest" time="0.001"/>
  <testcase name="stringRecipe()" classname="com.duartesgoncalves.designpatterns.StringRecipeTest" time="0.002"/>
  <system-out><![CDATA[]]></system-out>
  <system-err><![CDATA[]]></system-err>
</testsuite>
