<?xml version="1.0" encoding="UTF-8"?>
<testsuite name="com.duartesgoncalves.designpatterns.StringReplacerTest" tests="1" skipped="0" failures="0" errors="0" timestamp="2022-11-15T10:25:46" hostname="FEUP-B103D02" time="0.001">
  <properties/>
  <testcase name="stringReplacer()" classname="com.duartesgoncalves.designpatterns.StringReplacerTest" time="0.001"/>
  <system-out><![CDATA[]]></system-out>
  <system-err><![CDATA[]]></system-err>
</testsuite>
