<?xml version="1.0" encoding="UTF-8"?>
<testsuite name="com.duartesgoncalves.designpatterns.StringCaseChangerTest" tests="1" skipped="0" failures="0" errors="0" timestamp="2022-11-22T19:58:33" hostname="DESKTOP-LVI5H8M" time="0.023">
  <properties/>
  <testcase name="stringCaseChanger()" classname="com.duartesgoncalves.designpatterns.StringCaseChangerTest" time="0.023"/>
  <system-out><![CDATA[]]></system-out>
  <system-err><![CDATA[]]></system-err>
</testsuite>
