<?xml version="1.0" encoding="UTF-8"?>
<testsuite name="com.duartesgoncalves.designpatterns.StringTransformerGroupTest" tests="2" skipped="0" failures="0" errors="0" timestamp="2022-11-22T20:05:18" hostname="DESKTOP-LVI5H8M" time="0.003">
  <properties/>
  <testcase name="transformerGroup()" classname="com.duartesgoncalves.designpatterns.StringTransformerGroupTest" time="0.002"/>
  <testcase name="transformerComposite()" classname="com.duartesgoncalves.designpatterns.StringTransformerGroupTest" time="0.001"/>
  <system-out><![CDATA[]]></system-out>
  <system-err><![CDATA[]]></system-err>
</testsuite>
