<?xml version="1.0" encoding="UTF-8"?>
<testsuite name="com.duartesgoncalves.designpatterns.OrderingStrategyTest" tests="3" skipped="0" failures="0" errors="0" timestamp="2022-11-22T23:02:43" hostname="DESKTOP-LVI5H8M" time="0.002">
  <properties/>
  <testcase name="impatientStrategy()" classname="com.duartesgoncalves.designpatterns.OrderingStrategyTest" time="0.0"/>
  <testcase name="smartStrategyStartClosed()" classname="com.duartesgoncalves.designpatterns.OrderingStrategyTest" time="0.0"/>
  <testcase name="smartStrategyStartOpened()" classname="com.duartesgoncalves.designpatterns.OrderingStrategyTest" time="0.001"/>
  <system-out><![CDATA[]]></system-out>
  <system-err><![CDATA[]]></system-err>
</testsuite>
